<?xml version="1.0" encoding="UTF-8"?>
<!-- Generated by org.testng.reporters.JUnitXMLReporter -->
<testsuite ignored="0" hostname="MSI" failures="0" tests="12" name="Surefire test" time="90.152" errors="0" timestamp="2024-11-06T14:19:06 CST">
  <testcase classname="tmrs.tests.ErrorValidationsTest" name="LoginErrorValidation" time="0.274"/>
  <testcase classname="tmrs.tests.ErrorValidationsTest" name="ProductErrorValidation" time="2.845"/>
  <testcase classname="tmrs.tests.SubmitOrderAllDataProvidersTests" name="submitOrder" time="3.746"/>
  <testcase classname="tmrs.tests.SubmitOrderAllDataProvidersTests" name="submitOrder" time="3.679"/>
  <testcase classname="tmrs.tests.SubmitOrderAllDataProvidersTests" name="submitOrder2" time="3.762"/>
  <testcase classname="tmrs.tests.SubmitOrderAllDataProvidersTests" name="submitOrder2" time="3.761"/>
  <testcase classname="tmrs.tests.SubmitOrderAllDataProvidersTests" name="submitOrder3" time="3.759"/>
  <testcase classname="tmrs.tests.SubmitOrderAllDataProvidersTests" name="submitOrder3" time="3.793"/>
  <testcase classname="tmrs.tests.SubmitOrderAllDataProvidersTests" name="orderHistoryTest" time="0.841"/>
  <testcase classname="tmrs.tests.SubmitOrderTest" name="submitOrder" time="3.759"/>
  <testcase classname="tmrs.tests.SubmitOrderTest" name="submitOrder" time="3.77"/>
  <testcase classname="tmrs.tests.SubmitOrderTest" name="orderHistoryTest" time="0.87"/>
</testsuite> <!-- Surefire test -->
